<?xml version="1.0" encoding="windows-1252" standalone="no"?>
<!DOCTYPE log SYSTEM "logger.dtd">
<log>
<record>
  <date>2020-03-16T04:53:09.254053700Z</date>
  <millis>1584334389254</millis>
  <nanos>53700</nanos>
  <sequence>0</sequence>
  <logger>global</logger>
  <level>INFO</level>
  <class>seedu.duke.Duke</class>
  <method>start</method>
  <thread>1</thread>
  <message>Application starting.</message>
</record>
<record>
  <date>2020-03-16T04:53:16.990262Z</date>
  <millis>1584334396990</millis>
  <nanos>262000</nanos>
  <sequence>1</sequence>
  <logger>global</logger>
  <level>INFO</level>
  <class>seedu.duke.Duke</class>
  <method>exit</method>
  <thread>1</thread>
  <message>Application shutting down</message>
</record>
</log>
